<?xml version="1.0" encoding="UTF-8"?>
<testng-results skipped="0" failed="0" ignored="0" total="1" passed="1">
  <reporter-output>
  </reporter-output>
  <suite name="Default suite" duration-ms="3154" started-at="2019-06-09T03:51:10Z" finished-at="2019-06-09T03:51:13Z">
    <groups>
    </groups>
    <test name="Default test" duration-ms="3154" started-at="2019-06-09T03:51:10Z" finished-at="2019-06-09T03:51:13Z">
      <class name="com.basic.Tesringgoogle">
        <test-method status="PASS" signature="testgoogle()[pri:0, instance:com.basic.Tesringgoogle@eafc191]" name="testgoogle" duration-ms="3132" started-at="2019-06-09T03:51:10Z" finished-at="2019-06-09T03:51:13Z">
          <reporter-output>
          </reporter-output>
        </test-method> <!-- testgoogle -->
      </class> <!-- com.basic.Tesringgoogle -->
    </test> <!-- Default test -->
  </suite> <!-- Default suite -->
</testng-results>
